<?xml version="1.0" encoding="UTF-8"?>
<!-- Generated by org.testng.reporters.JUnitReportReporter -->
<testsuite hostname="SrimanthKare" failures="0" tests="4" name="parallel.ParallelRunnersTest" time="118.283" errors="0" timestamp="2021-01-26T17:16:58 IST" skipped="0">
  <testcase classname="parallel.ParallelRunnersTest" name="runScenario" time="29.379"/>
  <testcase classname="parallel.ParallelRunnersTest" name="runScenario" time="28.681"/>
  <testcase classname="parallel.ParallelRunnersTest" name="runScenario" time="29.531"/>
  <testcase classname="parallel.ParallelRunnersTest" name="runScenario" time="30.692"/>
</testsuite> <!-- parallel.ParallelRunnersTest -->
